<?xml version="1.0" encoding="UTF-8"?>
<!-- Generated by org.testng.reporters.JUnitReportReporter -->
<testsuite skipped="0" hostname="DESKTOP-ACVTLV5" name="com.demoqa.runner.TestRunner" tests="1" failures="0" timestamp="2020-07-13T10:53:55 IST" time="34.308" errors="0">
  <testcase name="forms" time="34.308" classname="com.demoqa.runner.TestRunner"/>
  <system-out/>
</testsuite> <!-- com.demoqa.runner.TestRunner -->
