<?xml version="1.0" encoding="UTF-8"?>
<!-- Generated by org.testng.reporters.JUnitReportReporter -->
<testsuite skipped="0" hostname="DESKTOP-ACVTLV5" name="com.calculator.CalculatorTest" tests="5" failures="0" timestamp="2020-07-02T11:38:30 IST" time="0.066" errors="0">
  <testcase name="testAdd" time="0.021" classname="com.calculator.CalculatorTest"/>
  <system-out>
TestNG Assignment -> testAdd assertion passed for inputs 2, 4  </system-out>
  <testcase name="testExponent" time="0.009" classname="com.calculator.CalculatorTest"/>
  <system-out>
TestNG Assignment -> testExponent assertion passed for inputs 1, 1  </system-out>
  <testcase name="testExponent" time="0.009" classname="com.calculator.CalculatorTest"/>
  <system-out>
TestNG Assignment -> testExponent assertion passed for inputs 2, 1  </system-out>
  <testcase name="testExponent" time="0.006" classname="com.calculator.CalculatorTest"/>
  <system-out>
TestNG Assignment -> testExponent assertion passed for inputs 1, 2  </system-out>
  <testcase name="testDivide" time="0.021" classname="com.calculator.CalculatorTest"/>
  <system-out>
TestNG Assignment -> testDivide assertion passed for inputs 2, 4  </system-out>
</testsuite> <!-- com.calculator.CalculatorTest -->
